Release 13.3 - xst O.76xd (lin)
Copyright (c) 1995-2011 Xilinx, Inc.  All rights reserved.
--> 
Parameter TMPDIR set to xst/projnav.tmp


Total REAL time to Xst completion: 1.00 secs
Total CPU time to Xst completion: 0.16 secs
 
--> 
Parameter xsthdpdir set to xst


Total REAL time to Xst completion: 1.00 secs
Total CPU time to Xst completion: 0.17 secs
 
--> 
Reading design: display.prj

TABLE OF CONTENTS
  1) Synthesis Options Summary
  2) HDL Parsing
  3) HDL Elaboration
  4) HDL Synthesis
       4.1) HDL Synthesis Report
  5) Advanced HDL Synthesis
       5.1) Advanced HDL Synthesis Report
  6) Low Level Synthesis
  7) Partition Report
  8) Design Summary
       8.1) Primitive and Black Box Usage
       8.2) Device utilization summary
       8.3) Partition Resource Summary
       8.4) Timing Report
            8.4.1) Clock Information
            8.4.2) Asynchronous Control Signals Information
            8.4.3) Timing Summary
            8.4.4) Timing Details
            8.4.5) Cross Clock Domains Report


=========================================================================
*                      Synthesis Options Summary                        *
=========================================================================
---- Source Parameters
Input File Name                    : "display.prj"
Ignore Synthesis Constraint File   : NO

---- Target Parameters
Output File Name                   : "display"
Output Format                      : NGC
Target Device                      : xc6slx16-3-csg324

---- Source Options
Top Module Name                    : display
Automatic FSM Extraction           : YES
FSM Encoding Algorithm             : Auto
Safe Implementation                : No
FSM Style                          : LUT
RAM Extraction                     : Yes
RAM Style                          : Auto
ROM Extraction                     : Yes
Shift Register Extraction          : YES
ROM Style                          : Auto
Resource Sharing                   : YES
Asynchronous To Synchronous        : NO
Shift Register Minimum Size        : 2
Use DSP Block                      : Auto
Automatic Register Balancing       : No

---- Target Options
LUT Combining                      : Auto
Reduce Control Sets                : Auto
Add IO Buffers                     : YES
Global Maximum Fanout              : 100000
Add Generic Clock Buffer(BUFG)     : 16
Register Duplication               : YES
Optimize Instantiated Primitives   : NO
Use Clock Enable                   : Auto
Use Synchronous Set                : Auto
Use Synchronous Reset              : Auto
Pack IO Registers into IOBs        : Auto
Equivalent register Removal        : YES

---- General Options
Optimization Goal                  : Speed
Optimization Effort                : 1
Power Reduction                    : NO
Keep Hierarchy                     : No
Netlist Hierarchy                  : As_Optimized
RTL Output                         : Yes
Global Optimization                : AllClockNets
Read Cores                         : YES
Write Timing Constraints           : NO
Cross Clock Analysis               : NO
Hierarchy Separator                : /
Bus Delimiter                      : <>
Case Specifier                     : Maintain
Slice Utilization Ratio            : 100
BRAM Utilization Ratio             : 100
DSP48 Utilization Ratio            : 100
Auto BRAM Packing                  : NO
Slice Utilization Ratio Delta      : 5

=========================================================================


=========================================================================
*                          HDL Parsing                                  *
=========================================================================
Analyzing Verilog file "/home/hpw/Documents/EC551/LAB2/lab2/display.v" into library work
Parsing module <display>.

=========================================================================
*                            HDL Elaboration                            *
=========================================================================

Elaborating module <display>.
WARNING:HDLCompiler:413 - "/home/hpw/Documents/EC551/LAB2/lab2/display.v" Line 50: Result of 3-bit expression is truncated to fit in 2-bit target.
WARNING:HDLCompiler:91 - "/home/hpw/Documents/EC551/LAB2/lab2/display.v" Line 59: Signal <lowdigit> missing in the sensitivity list is added for synthesis purposes. HDL and post-synthesis simulations may differ as a result.
WARNING:HDLCompiler:91 - "/home/hpw/Documents/EC551/LAB2/lab2/display.v" Line 65: Signal <highdigit> missing in the sensitivity list is added for synthesis purposes. HDL and post-synthesis simulations may differ as a result.
WARNING:HDLCompiler:91 - "/home/hpw/Documents/EC551/LAB2/lab2/display.v" Line 71: Signal <result> missing in the sensitivity list is added for synthesis purposes. HDL and post-synthesis simulations may differ as a result.
WARNING:HDLCompiler:295 - "/home/hpw/Documents/EC551/LAB2/lab2/display.v" Line 90: case condition never applies
WARNING:HDLCompiler:295 - "/home/hpw/Documents/EC551/LAB2/lab2/display.v" Line 91: case condition never applies
WARNING:HDLCompiler:295 - "/home/hpw/Documents/EC551/LAB2/lab2/display.v" Line 100: case condition never applies
WARNING:HDLCompiler:295 - "/home/hpw/Documents/EC551/LAB2/lab2/display.v" Line 101: case condition never applies
WARNING:HDLCompiler:295 - "/home/hpw/Documents/EC551/LAB2/lab2/display.v" Line 102: case condition never applies
WARNING:HDLCompiler:295 - "/home/hpw/Documents/EC551/LAB2/lab2/display.v" Line 103: case condition never applies
WARNING:HDLCompiler:295 - "/home/hpw/Documents/EC551/LAB2/lab2/display.v" Line 104: case condition never applies
WARNING:HDLCompiler:295 - "/home/hpw/Documents/EC551/LAB2/lab2/display.v" Line 105: case condition never applies
WARNING:HDLCompiler:295 - "/home/hpw/Documents/EC551/LAB2/lab2/display.v" Line 106: case condition never applies
WARNING:HDLCompiler:295 - "/home/hpw/Documents/EC551/LAB2/lab2/display.v" Line 107: case condition never applies
WARNING:HDLCompiler:295 - "/home/hpw/Documents/EC551/LAB2/lab2/display.v" Line 108: case condition never applies

=========================================================================
*                           HDL Synthesis                               *
=========================================================================

Synthesizing Unit <display>.
    Related source file is "/home/hpw/Documents/EC551/LAB2/lab2/display.v".
    Found 4-bit register for signal <lowdigit>.
    Found 4-bit register for signal <highdigit>.
    Found 2-bit register for signal <counter>.
    Found 2-bit adder for signal <counter[1]_GND_1_o_add_2_OUT> created at line 50.
    Found 4x3-bit Read Only RAM for signal <tempctl>
    Found 64x8-bit Read Only RAM for signal <_n0119>
    Found 1-bit 4-to-1 multiplexer for signal <currentdigit<3>> created at line 125.
    Found 1-bit 3-to-1 multiplexer for signal <currentdigit<2>> created at line 125.
    Found 1-bit 4-to-1 multiplexer for signal <currentdigit<1>> created at line 125.
    Found 1-bit 4-to-1 multiplexer for signal <currentdigit<0>> created at line 125.
    Summary:
	inferred   2 RAM(s).
	inferred   1 Adder/Subtractor(s).
	inferred  10 D-type flip-flop(s).
	inferred   5 Multiplexer(s).
Unit <display> synthesized.

=========================================================================
HDL Synthesis Report

Macro Statistics
# RAMs                                                 : 2
 4x3-bit single-port Read Only RAM                     : 1
 64x8-bit single-port Read Only RAM                    : 1
# Adders/Subtractors                                   : 1
 2-bit adder                                           : 1
# Registers                                            : 3
 2-bit register                                        : 1
 4-bit register                                        : 2
# Multiplexers                                         : 5
 1-bit 3-to-1 multiplexer                              : 1
 1-bit 4-to-1 multiplexer                              : 3
 2-bit 2-to-1 multiplexer                              : 1

=========================================================================

=========================================================================
*                       Advanced HDL Synthesis                          *
=========================================================================


Synthesizing (advanced) Unit <display>.
The following registers are absorbed into counter <counter>: 1 register on signal <counter>.
INFO:Xst:3218 - HDL ADVISOR - The RAM <Mram__n0119> will be implemented on LUTs either because you have described an asynchronous read or because of currently unsupported block RAM features. If you have described an asynchronous read, making it synchronous would allow you to take advantage of available block RAM resources, for optimized device usage and improved timings. Please refer to your documentation for coding guidelines.
    -----------------------------------------------------------------------
    | ram_type           | Distributed                         |          |
    -----------------------------------------------------------------------
    | Port A                                                              |
    |     aspect ratio   | 64-word x 8-bit                     |          |
    |     weA            | connected to signal <GND>           | high     |
    |     addrA          | connected to signal <result>        |          |
    |     diA            | connected to signal <GND>           |          |
    |     doA            | connected to internal node          |          |
    -----------------------------------------------------------------------
INFO:Xst:3218 - HDL ADVISOR - The RAM <Mram_tempctl> will be implemented on LUTs either because you have described an asynchronous read or because of currently unsupported block RAM features. If you have described an asynchronous read, making it synchronous would allow you to take advantage of available block RAM resources, for optimized device usage and improved timings. Please refer to your documentation for coding guidelines.
    -----------------------------------------------------------------------
    | ram_type           | Distributed                         |          |
    -----------------------------------------------------------------------
    | Port A                                                              |
    |     aspect ratio   | 4-word x 3-bit                      |          |
    |     weA            | connected to signal <GND>           | high     |
    |     addrA          | connected to signal <counter>       |          |
    |     diA            | connected to signal <GND>           |          |
    |     doA            | connected to signal <ctl>           |          |
    -----------------------------------------------------------------------
Unit <display> synthesized (advanced).

=========================================================================
Advanced HDL Synthesis Report

Macro Statistics
# RAMs                                                 : 2
 4x3-bit single-port distributed Read Only RAM         : 1
 64x8-bit single-port distributed Read Only RAM        : 1
# Counters                                             : 1
 2-bit up counter                                      : 1
# Registers                                            : 8
 Flip-Flops                                            : 8
# Multiplexers                                         : 4
 1-bit 3-to-1 multiplexer                              : 1
 1-bit 4-to-1 multiplexer                              : 3

=========================================================================

=========================================================================
*                         Low Level Synthesis                           *
=========================================================================

Optimizing unit <display> ...

Mapping all equations...
Building and optimizing final netlist ...
Found area constraint ratio of 100 (+ 5) on block display, actual ratio is 0.

Final Macro Processing ...

=========================================================================
Final Register Report

Macro Statistics
# Registers                                            : 10
 Flip-Flops                                            : 10

=========================================================================

=========================================================================
*                           Partition Report                            *
=========================================================================

Partition Implementation Status
-------------------------------

  No Partitions were found in this design.

-------------------------------

=========================================================================
*                            Design Summary                             *
=========================================================================

Top Level Output File Name         : display.ngc

Primitive and Black Box Usage:
------------------------------
# BELS                             : 23
#      GND                         : 1
#      INV                         : 1
#      LUT2                        : 3
#      LUT3                        : 1
#      LUT4                        : 10
#      LUT5                        : 7
# FlipFlops/Latches                : 10
#      FDC                         : 6
#      FDP                         : 4
# Clock Buffers                    : 1
#      BUFGP                       : 1
# IO Buffers                       : 19
#      IBUF                        : 7
#      OBUF                        : 12

Device utilization summary:
---------------------------

Selected Device : 6slx16csg324-3 


Slice Logic Utilization: 
 Number of Slice Registers:               9  out of  18224     0%  
 Number of Slice LUTs:                   22  out of   9112     0%  
    Number used as Logic:                22  out of   9112     0%  

Slice Logic Distribution: 
 Number of LUT Flip Flop pairs used:     22
   Number with an unused Flip Flop:      13  out of     22    59%  
   Number with an unused LUT:             0  out of     22     0%  
   Number of fully used LUT-FF pairs:     9  out of     22    40%  
   Number of unique control sets:         1

IO Utilization: 
 Number of IOs:                          20
 Number of bonded IOBs:                  20  out of    232     8%  
    IOB Flip Flops/Latches:               1

Specific Feature Utilization:
 Number of BUFG/BUFGCTRLs:                1  out of     16     6%  

---------------------------
Partition Resource Summary:
---------------------------

  No Partitions were found in this design.

---------------------------


=========================================================================
Timing Report

NOTE: THESE TIMING NUMBERS ARE ONLY A SYNTHESIS ESTIMATE.
      FOR ACCURATE TIMING INFORMATION PLEASE REFER TO THE TRACE REPORT
      GENERATED AFTER PLACE-and-ROUTE.

Clock Information:
------------------
-----------------------------------+------------------------+-------+
Clock Signal                       | Clock buffer(FF name)  | Load  |
-----------------------------------+------------------------+-------+
clk_in                             | BUFGP                  | 10    |
-----------------------------------+------------------------+-------+

Asynchronous Control Signals Information:
----------------------------------------
No asynchronous control signals found in this design

Timing Summary:
---------------
Speed Grade: -3

   Minimum period: 1.630ns (Maximum Frequency: 613.629MHz)
   Minimum input arrival time before clock: 3.293ns
   Maximum output required time after clock: 6.141ns
   Maximum combinational path delay: 6.603ns

Timing Details:
---------------
All values displayed in nanoseconds (ns)

=========================================================================
Timing constraint: Default period analysis for Clock 'clk_in'
  Clock period: 1.630ns (frequency: 613.629MHz)
  Total number of paths / destination ports: 4 / 2
-------------------------------------------------------------------------
Delay:               1.630ns (Levels of Logic = 1)
  Source:            counter_0 (FF)
  Destination:       counter_0 (FF)
  Source Clock:      clk_in rising
  Destination Clock: clk_in rising

  Data Path: counter_0 to counter_0
                                Gate     Net
    Cell:in->out      fanout   Delay   Delay  Logical Name (Net Name)
    ----------------------------------------  ------------
     FDC:C->Q              7   0.447   0.878  counter_0 (counter_0)
     LUT2:I0->O            2   0.203   0.000  ctl<1>1 (ctl_1_OBUF)
     FDC:D                     0.102          counter_1
    ----------------------------------------
    Total                      1.630ns (0.752ns logic, 0.878ns route)
                                       (46.1% logic, 53.9% route)

=========================================================================
Timing constraint: Default OFFSET IN BEFORE for Clock 'clk_in'
  Total number of paths / destination ports: 44 / 18
-------------------------------------------------------------------------
Offset:              3.293ns (Levels of Logic = 2)
  Source:            reset_n (PAD)
  Destination:       lowdigit_0 (FF)
  Destination Clock: clk_in rising

  Data Path: reset_n to lowdigit_0
                                Gate     Net
    Cell:in->out      fanout   Delay   Delay  Logical Name (Net Name)
    ----------------------------------------  ------------
     IBUF:I->O             1   1.222   0.579  reset_n_IBUF (reset_n_IBUF)
     INV:I->O             10   0.206   0.856  reset_n_inv1_INV_0 (reset_n_inv)
     FDC:CLR                   0.430          lowdigit_0
    ----------------------------------------
    Total                      3.293ns (1.858ns logic, 1.435ns route)
                                       (56.4% logic, 43.6% route)

=========================================================================
Timing constraint: Default OFFSET OUT AFTER for Clock 'clk_in'
  Total number of paths / destination ports: 118 / 10
-------------------------------------------------------------------------
Offset:              6.141ns (Levels of Logic = 3)
  Source:            counter_1 (FF)
  Destination:       segments<3> (PAD)
  Source Clock:      clk_in rising

  Data Path: counter_1 to segments<3>
                                Gate     Net
    Cell:in->out      fanout   Delay   Delay  Logical Name (Net Name)
    ----------------------------------------  ------------
     FDC:C->Q              7   0.447   1.118  counter_1 (counter_1)
     LUT5:I0->O            7   0.203   1.021  Mmux_currentdigit<0>11 (currentdigit<0>)
     LUT4:I0->O            1   0.203   0.579  tempsegments<7>1 (segments_1_OBUF)
     OBUF:I->O                 2.571          segments_1_OBUF (segments<1>)
    ----------------------------------------
    Total                      6.141ns (3.424ns logic, 2.717ns route)
                                       (55.8% logic, 44.2% route)

=========================================================================
Timing constraint: Default path analysis
  Total number of paths / destination ports: 7 / 7
-------------------------------------------------------------------------
Delay:               6.603ns (Levels of Logic = 4)
  Source:            result<5> (PAD)
  Destination:       segments<3> (PAD)

  Data Path: result<5> to segments<3>
                                Gate     Net
    Cell:in->out      fanout   Delay   Delay  Logical Name (Net Name)
    ----------------------------------------  ------------
     IBUF:I->O             8   1.222   0.803  result_5_IBUF (result_5_IBUF)
     LUT5:I4->O            7   0.205   1.021  Mmux_currentdigit<0>11 (currentdigit<0>)
     LUT4:I0->O            1   0.203   0.579  tempsegments<7>1 (segments_1_OBUF)
     OBUF:I->O                 2.571          segments_1_OBUF (segments<1>)
    ----------------------------------------
    Total                      6.603ns (4.201ns logic, 2.402ns route)
                                       (63.6% logic, 36.4% route)

=========================================================================

Cross Clock Domains Report:
--------------------------

Clock to Setup on destination clock clk_in
---------------+---------+---------+---------+---------+
               | Src:Rise| Src:Fall| Src:Rise| Src:Fall|
Source Clock   |Dest:Rise|Dest:Rise|Dest:Fall|Dest:Fall|
---------------+---------+---------+---------+---------+
clk_in         |    1.630|         |         |         |
---------------+---------+---------+---------+---------+

=========================================================================


Total REAL time to Xst completion: 19.00 secs
Total CPU time to Xst completion: 11.93 secs
 
--> 


Total memory usage is 127380 kilobytes

Number of errors   :    0 (   0 filtered)
Number of warnings :   15 (   0 filtered)
Number of infos    :    2 (   0 filtered)

