Running: /share/Study/Xilinx/13.3/ISE_DS/ISE/bin/lin/unwrapped/fuse -intstyle ise -incremental -lib unisims_ver -lib unimacro_ver -lib xilinxcorelib_ver -lib secureip -o /home/hpw/Documents/EC551/LAB2/lab2/lifotb_isim_beh.exe -prj /home/hpw/Documents/EC551/LAB2/lab2/lifotb_beh.prj work.lifotb work.glbl 
ISim O.76xd (signature 0x8ddf5b5d)
Number of CPUs detected in this system: 2
Turning on mult-threading, number of parallel sub-compilation jobs: 4 
Determining compilation order of HDL files
Analyzing Verilog file "/home/hpw/Documents/EC551/LAB2/lab2/lifo6_9.v" into library work
Analyzing Verilog file "/home/hpw/Documents/EC551/LAB2/lab2/lifotb.v" into library work
Analyzing Verilog file "/share/Study/Xilinx/13.3/ISE_DS/ISE//verilog/src/glbl.v" into library work
Starting static elaboration
WARNING:HDLCompiler:1016 - "/home/hpw/Documents/EC551/LAB2/lab2/lifotb.v" Line 42: Port clk is not connected to this instance
Completed static elaboration
Fuse Memory Usage: 36248 KB
Fuse CPU Usage: 2050 ms
Compiling module lifo6_9
Compiling module lifotb
Compiling module glbl
Time Resolution for simulation is 1ps.
Compiled 3 Verilog Units
Built simulation executable /home/hpw/Documents/EC551/LAB2/lab2/lifotb_isim_beh.exe
Fuse Memory Usage: 75188 KB
Fuse CPU Usage: 2080 ms
GCC CPU Usage: 740 ms
