Release 13.3 - xst O.76xd (lin)
Copyright (c) 1995-2011 Xilinx, Inc.  All rights reserved.
--> 
Parameter TMPDIR set to xst/projnav.tmp


Total REAL time to Xst completion: 1.00 secs
Total CPU time to Xst completion: 0.23 secs
 
--> 
Parameter xsthdpdir set to xst


Total REAL time to Xst completion: 1.00 secs
Total CPU time to Xst completion: 0.23 secs
 
--> 
Reading design: topmodule.prj

TABLE OF CONTENTS
  1) Synthesis Options Summary
  2) HDL Parsing
  3) HDL Elaboration
  4) HDL Synthesis
       4.1) HDL Synthesis Report
  5) Advanced HDL Synthesis
       5.1) Advanced HDL Synthesis Report
  6) Low Level Synthesis
  7) Partition Report
  8) Design Summary
       8.1) Primitive and Black Box Usage
       8.2) Device utilization summary
       8.3) Partition Resource Summary
       8.4) Timing Report
            8.4.1) Clock Information
            8.4.2) Asynchronous Control Signals Information
            8.4.3) Timing Summary
            8.4.4) Timing Details
            8.4.5) Cross Clock Domains Report


=========================================================================
*                      Synthesis Options Summary                        *
=========================================================================
---- Source Parameters
Input File Name                    : "topmodule.prj"
Ignore Synthesis Constraint File   : NO

---- Target Parameters
Output File Name                   : "topmodule"
Output Format                      : NGC
Target Device                      : xc6slx16-3-csg324

---- Source Options
Top Module Name                    : topmodule
Automatic FSM Extraction           : YES
FSM Encoding Algorithm             : Auto
Safe Implementation                : No
FSM Style                          : LUT
RAM Extraction                     : Yes
RAM Style                          : Auto
ROM Extraction                     : Yes
Shift Register Extraction          : YES
ROM Style                          : Auto
Resource Sharing                   : YES
Asynchronous To Synchronous        : NO
Shift Register Minimum Size        : 2
Use DSP Block                      : Auto
Automatic Register Balancing       : No

---- Target Options
LUT Combining                      : Auto
Reduce Control Sets                : Auto
Add IO Buffers                     : YES
Global Maximum Fanout              : 100000
Add Generic Clock Buffer(BUFG)     : 16
Register Duplication               : YES
Optimize Instantiated Primitives   : NO
Use Clock Enable                   : Auto
Use Synchronous Set                : Auto
Use Synchronous Reset              : Auto
Pack IO Registers into IOBs        : Auto
Equivalent register Removal        : YES

---- General Options
Optimization Goal                  : Speed
Optimization Effort                : 1
Power Reduction                    : NO
Keep Hierarchy                     : No
Netlist Hierarchy                  : As_Optimized
RTL Output                         : Yes
Global Optimization                : AllClockNets
Read Cores                         : YES
Write Timing Constraints           : NO
Cross Clock Analysis               : NO
Hierarchy Separator                : /
Bus Delimiter                      : <>
Case Specifier                     : Maintain
Slice Utilization Ratio            : 100
BRAM Utilization Ratio             : 100
DSP48 Utilization Ratio            : 100
Auto BRAM Packing                  : NO
Slice Utilization Ratio Delta      : 5

=========================================================================


=========================================================================
*                          HDL Parsing                                  *
=========================================================================
Analyzing Verilog file "/home/hpw/Documents/EC551/LAB2/lab2/lifo2.v" into library work
Parsing module <lifo>.
Analyzing Verilog file "/home/hpw/Documents/EC551/LAB2/lab2/display.v" into library work
Parsing module <display>.
Analyzing Verilog file "/home/hpw/Documents/EC551/LAB2/lab2/decoder.v" into library work
Parsing module <decoder>.
Analyzing Verilog file "/home/hpw/Documents/EC551/LAB2/lab2/debouncer.v" into library work
Parsing module <debounce>.
Analyzing Verilog file "/home/hpw/Documents/EC551/LAB2/lab2/clkdiv.v" into library work
Parsing module <clkdiv>.
Analyzing Verilog file "/home/hpw/Documents/EC551/LAB2/lab2/ALU.v" into library work
Parsing module <ALU>.
Analyzing Verilog file "/home/hpw/Documents/EC551/LAB2/lab2/topmodule.v" into library work
Parsing module <topmodule>.

=========================================================================
*                            HDL Elaboration                            *
=========================================================================

Elaborating module <topmodule>.

Elaborating module <debounce>.
WARNING:HDLCompiler:413 - "/home/hpw/Documents/EC551/LAB2/lab2/debouncer.v" Line 33: Result of 9-bit expression is truncated to fit in 8-bit target.
WARNING:HDLCompiler:413 - "/home/hpw/Documents/EC551/LAB2/lab2/debouncer.v" Line 45: Result of 9-bit expression is truncated to fit in 8-bit target.

Elaborating module <clkdiv>.

Elaborating module <decoder>.

Elaborating module <ALU>.

Elaborating module <lifo>.
WARNING:HDLCompiler:413 - "/home/hpw/Documents/EC551/LAB2/lab2/lifo2.v" Line 28: Result of 4-bit expression is truncated to fit in 3-bit target.
WARNING:HDLCompiler:413 - "/home/hpw/Documents/EC551/LAB2/lab2/lifo2.v" Line 29: Result of 32-bit expression is truncated to fit in 3-bit target.

Elaborating module <display>.
WARNING:HDLCompiler:413 - "/home/hpw/Documents/EC551/LAB2/lab2/display.v" Line 58: Result of 32-bit expression is truncated to fit in 4-bit target.

=========================================================================
*                           HDL Synthesis                               *
=========================================================================

Synthesizing Unit <topmodule>.
    Related source file is "/home/hpw/Documents/EC551/LAB2/lab2/topmodule.v".
    Found 3-bit register for signal <B>.
    Found 3-bit register for signal <opcodein>.
    Summary:
	inferred   6 D-type flip-flop(s).
Unit <topmodule> synthesized.

Synthesizing Unit <debounce>.
    Related source file is "/home/hpw/Documents/EC551/LAB2/lab2/debouncer.v".
        NDELAY = 150
    Found 8-bit register for signal <countpushed>.
    Found 8-bit register for signal <countstill>.
    Found 1-bit register for signal <clean>.
    Found 1-bit register for signal <still>.
    Found 1-bit register for signal <pushed>.
    Found 8-bit adder for signal <countpushed[7]_GND_2_o_add_4_OUT> created at line 33.
    Found 8-bit adder for signal <countstill[7]_GND_2_o_add_9_OUT> created at line 45.
    Summary:
	inferred   2 Adder/Subtractor(s).
	inferred  19 D-type flip-flop(s).
	inferred   3 Multiplexer(s).
Unit <debounce> synthesized.

Synthesizing Unit <clkdiv>.
    Related source file is "/home/hpw/Documents/EC551/LAB2/lab2/clkdiv.v".
    Found 1-bit register for signal <clk_300hz>.
    Found 18-bit register for signal <counter_300hz>.
    Found 18-bit adder for signal <counter_300hz[17]_GND_3_o_add_2_OUT> created at line 31.
    Summary:
	inferred   1 Adder/Subtractor(s).
	inferred  19 D-type flip-flop(s).
Unit <clkdiv> synthesized.

Synthesizing Unit <decoder>.
    Related source file is "/home/hpw/Documents/EC551/LAB2/lab2/decoder.v".
    Found 8x3-bit Read Only RAM for signal <opcodeout>
    Summary:
	inferred   1 RAM(s).
Unit <decoder> synthesized.

Synthesizing Unit <ALU>.
    Related source file is "/home/hpw/Documents/EC551/LAB2/lab2/ALU.v".
        ADD = 3'b001
        SUB = 3'b010
        MUL = 3'b011
        SHR = 3'b100
        SHL = 3'b101
        XNOR = 3'b110
        SGT = 3'b111
        NOTHING = 3'b000
    Found 6-bit register for signal <f>.
    Found 3-bit register for signal <opcodesel>.
    Found 4-bit subtractor for signal <GND_5_o_GND_5_o_sub_3_OUT> created at line 46.
    Found 4-bit adder for signal <n0036[3:0]> created at line 45.
    Found 3x3-bit multiplier for signal <a[2]_b[2]_MuLt_3_OUT> created at line 47.
    Found 6-bit shifter logical right for signal <GND_5_o_b[2]_shift_right_4_OUT> created at line 48
    Found 6-bit shifter logical left for signal <GND_5_o_b[2]_shift_left_5_OUT> created at line 49
    Found 6-bit 8-to-1 multiplexer for signal <opcodein[2]_GND_5_o_wide_mux_9_OUT> created at line 44.
    Found 3-bit comparator greater for signal <b[2]_a[2]_LessThan_8_o> created at line 51
    Summary:
	inferred   1 Multiplier(s).
	inferred   2 Adder/Subtractor(s).
	inferred   9 D-type flip-flop(s).
	inferred   1 Comparator(s).
	inferred   1 Multiplexer(s).
	inferred   2 Combinational logic shifter(s).
Unit <ALU> synthesized.

Synthesizing Unit <lifo>.
    Related source file is "/home/hpw/Documents/EC551/LAB2/lab2/lifo2.v".
        depth = 6
        resultwidth = 6
        opcodewidth = 3
WARNING:Xst:3035 - Index value(s) does not match array range for signal <Rmem>, simulation mismatch.
    Found 6x6-bit single-port RAM <Mram_Rmem> for signal <Rmem>.
WARNING:Xst:3035 - Index value(s) does not match array range for signal <Omem>, simulation mismatch.
    Found 6x3-bit single-port RAM <Mram_Omem> for signal <Omem>.
    Found 1-bit register for signal <full>.
    Found 1-bit register for signal <empty>.
    Found 6-bit register for signal <Rmem_rd>.
    Found 3-bit register for signal <Omem_rd>.
    Found 6-bit register for signal <resulttos_shadow>.
    Found 3-bit register for signal <opcodeseltos_shadow>.
    Found 1-bit register for signal <use_mem_read>.
    Found 3-bit register for signal <count>.
    Found 4-bit subtractor for signal <n0051[3:0]> created at line 29.
    Found 3-bit adder for signal <count[2]_GND_7_o_add_4_OUT> created at line 28.
    Found 3-bit comparator greater for signal <count[2]_PWR_7_o_LessThan_1_o> created at line 21
    Found 3-bit comparator greater for signal <GND_7_o_count[2]_LessThan_2_o> created at line 22
    Summary:
	inferred   2 RAM(s).
	inferred   2 Adder/Subtractor(s).
	inferred  24 D-type flip-flop(s).
	inferred   2 Comparator(s).
	inferred   6 Multiplexer(s).
Unit <lifo> synthesized.

Synthesizing Unit <display>.
    Related source file is "/home/hpw/Documents/EC551/LAB2/lab2/display.v".
    Found 2-bit register for signal <counter>.
    Found 6-bit subtractor for signal <result[5]_unary_minus_6_OUT> created at line 55.
    Found 2-bit adder for signal <counter[1]_GND_8_o_add_1_OUT> created at line 48.
    Found 4x4-bit Read Only RAM for signal <counter[1]_GND_8_o_wide_mux_18_OUT>
    Found 16x8-bit Read Only RAM for signal <segments>
    Found 1-bit 4-to-1 multiplexer for signal <counter[1]_PWR_8_o_wide_mux_19_OUT[3]> created at line 63.
    Found 1-bit 3-to-1 multiplexer for signal <counter[1]_PWR_8_o_wide_mux_19_OUT[2]> created at line 63.
    Found 1-bit 4-to-1 multiplexer for signal <counter[1]_PWR_8_o_wide_mux_19_OUT[1]> created at line 63.
    Found 1-bit 4-to-1 multiplexer for signal <counter[1]_PWR_8_o_wide_mux_19_OUT[0]> created at line 63.
    Summary:
	inferred   2 RAM(s).
	inferred   2 Adder/Subtractor(s).
	inferred   2 D-type flip-flop(s).
	inferred  25 Multiplexer(s).
Unit <display> synthesized.

Synthesizing Unit <div_6u_4u>.
    Related source file is "".
    Found 10-bit adder for signal <GND_10_o_b[3]_add_1_OUT> created at line 0.
    Found 9-bit adder for signal <GND_10_o_b[3]_add_3_OUT> created at line 0.
    Found 8-bit adder for signal <GND_10_o_b[3]_add_5_OUT> created at line 0.
    Found 7-bit adder for signal <GND_10_o_b[3]_add_7_OUT> created at line 0.
    Found 6-bit adder for signal <a[5]_b[3]_add_9_OUT[5:0]> created at line 0.
    Found 6-bit adder for signal <a[5]_GND_10_o_add_11_OUT[5:0]> created at line 0.
    Found 10-bit comparator lessequal for signal <BUS_0001> created at line 0
    Found 9-bit comparator lessequal for signal <BUS_0002> created at line 0
    Found 8-bit comparator lessequal for signal <BUS_0003> created at line 0
    Found 7-bit comparator lessequal for signal <BUS_0004> created at line 0
    Found 6-bit comparator lessequal for signal <BUS_0005> created at line 0
    Found 6-bit comparator lessequal for signal <BUS_0006> created at line 0
    Found 6-bit comparator lessequal for signal <BUS_0007> created at line 0
    Summary:
	inferred   6 Adder/Subtractor(s).
	inferred   7 Comparator(s).
	inferred  21 Multiplexer(s).
Unit <div_6u_4u> synthesized.

Synthesizing Unit <mod_6u_4u>.
    Related source file is "".
    Found 10-bit adder for signal <GND_11_o_b[3]_add_1_OUT> created at line 0.
    Found 9-bit adder for signal <GND_11_o_b[3]_add_3_OUT> created at line 0.
    Found 8-bit adder for signal <GND_11_o_b[3]_add_5_OUT> created at line 0.
    Found 7-bit adder for signal <GND_11_o_b[3]_add_7_OUT> created at line 0.
    Found 6-bit adder for signal <a[5]_b[3]_add_9_OUT> created at line 0.
    Found 6-bit adder for signal <a[5]_GND_11_o_add_11_OUT> created at line 0.
    Found 6-bit adder for signal <a[5]_GND_11_o_add_13_OUT> created at line 0.
    Found 10-bit comparator lessequal for signal <BUS_0001> created at line 0
    Found 9-bit comparator lessequal for signal <BUS_0002> created at line 0
    Found 8-bit comparator lessequal for signal <BUS_0003> created at line 0
    Found 7-bit comparator lessequal for signal <BUS_0004> created at line 0
    Found 6-bit comparator lessequal for signal <BUS_0005> created at line 0
    Found 6-bit comparator lessequal for signal <BUS_0006> created at line 0
    Found 6-bit comparator lessequal for signal <BUS_0007> created at line 0
    Summary:
	inferred   7 Adder/Subtractor(s).
	inferred   7 Comparator(s).
	inferred  37 Multiplexer(s).
Unit <mod_6u_4u> synthesized.

=========================================================================
HDL Synthesis Report

Macro Statistics
# RAMs                                                 : 5
 16x8-bit single-port Read Only RAM                    : 1
 4x4-bit single-port Read Only RAM                     : 1
 6x3-bit single-port RAM                               : 1
 6x6-bit single-port RAM                               : 1
 8x3-bit single-port Read Only RAM                     : 1
# Multipliers                                          : 1
 3x3-bit multiplier                                    : 1
# Adders/Subtractors                                   : 24
 10-bit adder                                          : 2
 18-bit adder                                          : 1
 2-bit adder                                           : 1
 3-bit adder                                           : 1
 4-bit adder                                           : 1
 4-bit subtractor                                      : 2
 6-bit adder                                           : 5
 6-bit subtractor                                      : 1
 7-bit adder                                           : 2
 8-bit adder                                           : 6
 9-bit adder                                           : 2
# Registers                                            : 25
 1-bit register                                        : 10
 18-bit register                                       : 1
 2-bit register                                        : 1
 3-bit register                                        : 6
 6-bit register                                        : 3
 8-bit register                                        : 4
# Comparators                                          : 17
 10-bit comparator lessequal                           : 2
 3-bit comparator greater                              : 3
 6-bit comparator lessequal                            : 6
 7-bit comparator lessequal                            : 2
 8-bit comparator lessequal                            : 2
 9-bit comparator lessequal                            : 2
# Multiplexers                                         : 96
 1-bit 2-to-1 multiplexer                              : 74
 1-bit 3-to-1 multiplexer                              : 1
 1-bit 4-to-1 multiplexer                              : 3
 2-bit 2-to-1 multiplexer                              : 1
 3-bit 2-to-1 multiplexer                              : 4
 32-bit 2-to-1 multiplexer                             : 1
 4-bit 2-to-1 multiplexer                              : 2
 6-bit 2-to-1 multiplexer                              : 5
 6-bit 8-to-1 multiplexer                              : 1
 8-bit 2-to-1 multiplexer                              : 4
# Logic shifters                                       : 2
 6-bit shifter logical left                            : 1
 6-bit shifter logical right                           : 1
# Xors                                                 : 1
 6-bit xor2                                            : 1

=========================================================================

=========================================================================
*                       Advanced HDL Synthesis                          *
=========================================================================


Synthesizing (advanced) Unit <clkdiv>.
The following registers are absorbed into counter <counter_300hz>: 1 register on signal <counter_300hz>.
Unit <clkdiv> synthesized (advanced).

Synthesizing (advanced) Unit <debounce>.
The following registers are absorbed into counter <countpushed>: 1 register on signal <countpushed>.
The following registers are absorbed into counter <countstill>: 1 register on signal <countstill>.
Unit <debounce> synthesized (advanced).

Synthesizing (advanced) Unit <decoder>.
INFO:Xst:3218 - HDL ADVISOR - The RAM <Mram_opcodeout> will be implemented on LUTs either because you have described an asynchronous read or because of currently unsupported block RAM features. If you have described an asynchronous read, making it synchronous would allow you to take advantage of available block RAM resources, for optimized device usage and improved timings. Please refer to your documentation for coding guidelines.
    -----------------------------------------------------------------------
    | ram_type           | Distributed                         |          |
    -----------------------------------------------------------------------
    | Port A                                                              |
    |     aspect ratio   | 8-word x 3-bit                      |          |
    |     weA            | connected to signal <GND>           | high     |
    |     addrA          | connected to signal <opcodein>      |          |
    |     diA            | connected to signal <GND>           |          |
    |     doA            | connected to signal <opcodeout>     |          |
    -----------------------------------------------------------------------
Unit <decoder> synthesized (advanced).

Synthesizing (advanced) Unit <display>.
The following registers are absorbed into counter <counter>: 1 register on signal <counter>.
INFO:Xst:3218 - HDL ADVISOR - The RAM <Mram_counter[1]_GND_8_o_wide_mux_18_OUT> will be implemented on LUTs either because you have described an asynchronous read or because of currently unsupported block RAM features. If you have described an asynchronous read, making it synchronous would allow you to take advantage of available block RAM resources, for optimized device usage and improved timings. Please refer to your documentation for coding guidelines.
    -----------------------------------------------------------------------
    | ram_type           | Distributed                         |          |
    -----------------------------------------------------------------------
    | Port A                                                              |
    |     aspect ratio   | 4-word x 4-bit                      |          |
    |     weA            | connected to signal <GND>           | high     |
    |     addrA          | connected to signal <counter>       |          |
    |     diA            | connected to signal <GND>           |          |
    |     doA            | connected to internal node          |          |
    -----------------------------------------------------------------------
INFO:Xst:3218 - HDL ADVISOR - The RAM <Mram_segments> will be implemented on LUTs either because you have described an asynchronous read or because of currently unsupported block RAM features. If you have described an asynchronous read, making it synchronous would allow you to take advantage of available block RAM resources, for optimized device usage and improved timings. Please refer to your documentation for coding guidelines.
    -----------------------------------------------------------------------
    | ram_type           | Distributed                         |          |
    -----------------------------------------------------------------------
    | Port A                                                              |
    |     aspect ratio   | 16-word x 8-bit                     |          |
    |     weA            | connected to signal <GND>           | high     |
    |     addrA          | connected to signal <currentdigit>  |          |
    |     diA            | connected to signal <GND>           |          |
    |     doA            | connected to signal <segments>      |          |
    -----------------------------------------------------------------------
Unit <display> synthesized (advanced).

Synthesizing (advanced) Unit <lifo>.
INFO:Xst:3231 - The small RAM <Mram_Rmem> will be implemented on LUTs in order to maximize performance and save block RAM resources. If you want to force its implementation on block, use option/constraint ram_style.
    -----------------------------------------------------------------------
    | ram_type           | Distributed                         |          |
    -----------------------------------------------------------------------
    | Port A                                                              |
    |     aspect ratio   | 6-word x 6-bit                      |          |
    |     clkA           | connected to signal <clk>           | rise     |
    |     weA            | connected to internal node          | high     |
    |     addrA          | connected to signal <n0046>         |          |
    |     diA            | connected to signal <resulttos>     |          |
    |     doA            | connected to internal node          |          |
    -----------------------------------------------------------------------
INFO:Xst:3231 - The small RAM <Mram_Omem> will be implemented on LUTs in order to maximize performance and save block RAM resources. If you want to force its implementation on block, use option/constraint ram_style.
    -----------------------------------------------------------------------
    | ram_type           | Distributed                         |          |
    -----------------------------------------------------------------------
    | Port A                                                              |
    |     aspect ratio   | 6-word x 3-bit                      |          |
    |     clkA           | connected to signal <clk>           | rise     |
    |     weA            | connected to internal node          | high     |
    |     addrA          | connected to signal <n0046>         |          |
    |     diA            | connected to signal <opcodeseltos>  |          |
    |     doA            | connected to internal node          |          |
    -----------------------------------------------------------------------
Unit <lifo> synthesized (advanced).

=========================================================================
Advanced HDL Synthesis Report

Macro Statistics
# RAMs                                                 : 5
 16x8-bit single-port distributed Read Only RAM        : 1
 4x4-bit single-port distributed Read Only RAM         : 1
 6x3-bit single-port distributed RAM                   : 1
 6x6-bit single-port distributed RAM                   : 1
 8x3-bit single-port distributed Read Only RAM         : 1
# Multipliers                                          : 1
 3x3-bit multiplier                                    : 1
# Adders/Subtractors                                   : 18
 3-bit adder                                           : 1
 4-bit adder                                           : 2
 4-bit subtractor                                      : 2
 6-bit adder                                           : 12
 6-bit subtractor                                      : 1
# Counters                                             : 6
 18-bit up counter                                     : 1
 2-bit up counter                                      : 1
 8-bit up counter                                      : 4
# Registers                                            : 46
 Flip-Flops                                            : 46
# Comparators                                          : 17
 10-bit comparator lessequal                           : 2
 3-bit comparator greater                              : 3
 6-bit comparator lessequal                            : 6
 7-bit comparator lessequal                            : 2
 8-bit comparator lessequal                            : 2
 9-bit comparator lessequal                            : 2
# Multiplexers                                         : 91
 1-bit 2-to-1 multiplexer                              : 74
 1-bit 3-to-1 multiplexer                              : 1
 1-bit 4-to-1 multiplexer                              : 3
 3-bit 2-to-1 multiplexer                              : 4
 32-bit 2-to-1 multiplexer                             : 1
 4-bit 2-to-1 multiplexer                              : 2
 6-bit 2-to-1 multiplexer                              : 5
 6-bit 8-to-1 multiplexer                              : 1
# Logic shifters                                       : 2
 6-bit shifter logical left                            : 1
 6-bit shifter logical right                           : 1
# Xors                                                 : 1
 6-bit xor2                                            : 1

=========================================================================

=========================================================================
*                         Low Level Synthesis                           *
=========================================================================

Optimizing unit <topmodule> ...

Optimizing unit <ALU> ...

Optimizing unit <debounce> ...

Optimizing unit <lifo> ...

Optimizing unit <display> ...

Mapping all equations...
Building and optimizing final netlist ...
Found area constraint ratio of 100 (+ 5) on block topmodule, actual ratio is 2.
FlipFlop executedebouncer/clean has been replicated 1 time(s)

Final Macro Processing ...

=========================================================================
Final Register Report

Macro Statistics
# Registers                                            : 99
 Flip-Flops                                            : 99

=========================================================================

=========================================================================
*                           Partition Report                            *
=========================================================================

Partition Implementation Status
-------------------------------

  No Partitions were found in this design.

-------------------------------

=========================================================================
*                            Design Summary                             *
=========================================================================

Top Level Output File Name         : topmodule.ngc

Primitive and Black Box Usage:
------------------------------
# BELS                             : 287
#      GND                         : 1
#      INV                         : 5
#      LUT1                        : 17
#      LUT2                        : 25
#      LUT3                        : 33
#      LUT4                        : 12
#      LUT5                        : 42
#      LUT6                        : 56
#      MUXCY                       : 45
#      VCC                         : 1
#      XORCY                       : 50
# FlipFlops/Latches                : 99
#      FD                          : 34
#      FDC                         : 9
#      FDCE                        : 38
#      FDE                         : 18
# RAMS                             : 9
#      RAM16X1S                    : 9
# Clock Buffers                    : 2
#      BUFG                        : 1
#      BUFGP                       : 1
# IO Buffers                       : 24
#      IBUF                        : 10
#      OBUF                        : 14

Device utilization summary:
---------------------------

Selected Device : 6slx16csg324-3 


Slice Logic Utilization: 
 Number of Slice Registers:              99  out of  18224     0%  
 Number of Slice LUTs:                  199  out of   9112     2%  
    Number used as Logic:               190  out of   9112     2%  
    Number used as Memory:                9  out of   2176     0%  
       Number used as RAM:                9

Slice Logic Distribution: 
 Number of LUT Flip Flop pairs used:    203
   Number with an unused Flip Flop:     104  out of    203    51%  
   Number with an unused LUT:             4  out of    203     1%  
   Number of fully used LUT-FF pairs:    95  out of    203    46%  
   Number of unique control sets:        12

IO Utilization: 
 Number of IOs:                          25
 Number of bonded IOBs:                  25  out of    232    10%  

Specific Feature Utilization:
 Number of BUFG/BUFGCTRLs:                2  out of     16    12%  

---------------------------
Partition Resource Summary:
---------------------------

  No Partitions were found in this design.

---------------------------


=========================================================================
Timing Report

NOTE: THESE TIMING NUMBERS ARE ONLY A SYNTHESIS ESTIMATE.
      FOR ACCURATE TIMING INFORMATION PLEASE REFER TO THE TRACE REPORT
      GENERATED AFTER PLACE-and-ROUTE.

Clock Information:
------------------
-----------------------------------+------------------------+-------+
Clock Signal                       | Clock buffer(FF name)  | Load  |
-----------------------------------+------------------------+-------+
clkdiv1/clk_300hz                  | BUFG                   | 80    |
executedebouncer/clean             | NONE(alu1/f_5)         | 9     |
clk                                | BUFGP                  | 19    |
-----------------------------------+------------------------+-------+
INFO:Xst:2169 - HDL ADVISOR - Some clock signals were not automatically buffered by XST with BUFG/BUFR resources. Please use the buffer_type constraint in order to insert these buffers to the clock signals to help prevent skew problems.

Asynchronous Control Signals Information:
----------------------------------------
No asynchronous control signals found in this design

Timing Summary:
---------------
Speed Grade: -3

   Minimum period: 3.715ns (Maximum Frequency: 269.175MHz)
   Minimum input arrival time before clock: 6.320ns
   Maximum output required time after clock: 9.829ns
   Maximum combinational path delay: 7.651ns

Timing Details:
---------------
All values displayed in nanoseconds (ns)

=========================================================================
Timing constraint: Default period analysis for Clock 'clkdiv1/clk_300hz'
  Clock period: 3.715ns (frequency: 269.175MHz)
  Total number of paths / destination ports: 922 / 151
-------------------------------------------------------------------------
Delay:               3.715ns (Levels of Logic = 2)
  Source:            lifo1/count_2 (FF)
  Destination:       lifo1/Omem_rd_2 (FF)
  Source Clock:      clkdiv1/clk_300hz rising
  Destination Clock: clkdiv1/clk_300hz rising

  Data Path: lifo1/count_2 to lifo1/Omem_rd_2
                                Gate     Net
    Cell:in->out      fanout   Delay   Delay  Logical Name (Net Name)
    ----------------------------------------  ------------
     FD:C->Q              11   0.447   1.130  lifo1/count_2 (lifo1/count_2)
     LUT4:I0->O           18   0.203   1.049  lifo1/Mmux_n004631 (lifo1/n0046<2>)
     RAM16X1S:A2->O        1   0.205   0.579  lifo1/Mram_Rmem3 (lifo1/_n0068<2>)
     FDE:D                     0.102          lifo1/Rmem_rd_2
    ----------------------------------------
    Total                      3.715ns (0.957ns logic, 2.758ns route)
                                       (25.8% logic, 74.2% route)

=========================================================================
Timing constraint: Default period analysis for Clock 'clk'
  Clock period: 3.238ns (frequency: 308.809MHz)
  Total number of paths / destination ports: 514 / 19
-------------------------------------------------------------------------
Delay:               3.238ns (Levels of Logic = 2)
  Source:            clkdiv1/counter_300hz_0 (FF)
  Destination:       clkdiv1/counter_300hz_0 (FF)
  Source Clock:      clk rising
  Destination Clock: clk rising

  Data Path: clkdiv1/counter_300hz_0 to clkdiv1/counter_300hz_0
                                Gate     Net
    Cell:in->out      fanout   Delay   Delay  Logical Name (Net Name)
    ----------------------------------------  ------------
     FD:C->Q               2   0.447   0.981  clkdiv1/counter_300hz_0 (clkdiv1/counter_300hz_0)
     LUT6:I0->O           19   0.203   1.300  clkdiv1/GND_3_o_GND_3_o_equal_5_o<17>2 (clkdiv1/GND_3_o_GND_3_o_equal_5_o<17>1)
     LUT5:I2->O            1   0.205   0.000  clkdiv1/counter_300hz_0_rstpot (clkdiv1/counter_300hz_0_rstpot)
     FD:D                      0.102          clkdiv1/counter_300hz_0
    ----------------------------------------
    Total                      3.238ns (0.957ns logic, 2.281ns route)
                                       (29.6% logic, 70.4% route)

=========================================================================
Timing constraint: Default OFFSET IN BEFORE for Clock 'clkdiv1/clk_300hz'
  Total number of paths / destination ports: 280 / 136
-------------------------------------------------------------------------
Offset:              4.753ns (Levels of Logic = 2)
  Source:            reset_n (PAD)
  Destination:       opcodein_0 (FF)
  Destination Clock: clkdiv1/clk_300hz rising

  Data Path: reset_n to opcodein_0
                                Gate     Net
    Cell:in->out      fanout   Delay   Delay  Logical Name (Net Name)
    ----------------------------------------  ------------
     IBUF:I->O            39   1.222   1.391  reset_n_IBUF (reset_n_IBUF)
     INV:I->O             47   0.206   1.504  clkdiv1/reset_n_inv1_INV_0 (LED/reset_n_inv)
     FDC:CLR                   0.430          LED/counter_0
    ----------------------------------------
    Total                      4.753ns (1.858ns logic, 2.895ns route)
                                       (39.1% logic, 60.9% route)

=========================================================================
Timing constraint: Default OFFSET IN BEFORE for Clock 'executedebouncer/clean'
  Total number of paths / destination ports: 73 / 6
-------------------------------------------------------------------------
Offset:              6.320ns (Levels of Logic = 5)
  Source:            A<1> (PAD)
  Destination:       alu1/f_3 (FF)
  Destination Clock: executedebouncer/clean rising

  Data Path: A<1> to alu1/f_3
                                Gate     Net
    Cell:in->out      fanout   Delay   Delay  Logical Name (Net Name)
    ----------------------------------------  ------------
     IBUF:I->O            21   1.222   1.361  A_1_IBUF (A_1_IBUF)
     LUT4:I0->O            2   0.203   0.864  alu1/Msub_GND_5_o_GND_5_o_sub_3_OUT_cy<1>11 (alu1/Msub_GND_5_o_GND_5_o_sub_3_OUT_cy<1>)
     LUT6:I2->O            3   0.203   1.015  alu1/Mmux_opcodein[2]_GND_5_o_wide_mux_9_OUT421 (alu1/Mmux_opcodein[2]_GND_5_o_wide_mux_9_OUT42)
     LUT6:I0->O            1   0.203   0.944  alu1/Mmux_opcodein[2]_GND_5_o_wide_mux_9_OUT43 (alu1/Mmux_opcodein[2]_GND_5_o_wide_mux_9_OUT43)
     LUT6:I0->O            1   0.203   0.000  alu1/Mmux_opcodein[2]_GND_5_o_wide_mux_9_OUT44 (alu1/opcodein[2]_GND_5_o_wide_mux_9_OUT<3>)
     FD:D                      0.102          alu1/f_3
    ----------------------------------------
    Total                      6.320ns (2.136ns logic, 4.184ns route)
                                       (33.8% logic, 66.2% route)

=========================================================================
Timing constraint: Default OFFSET IN BEFORE for Clock 'clk'
  Total number of paths / destination ports: 19 / 19
-------------------------------------------------------------------------
Offset:              3.263ns (Levels of Logic = 2)
  Source:            reset_n (PAD)
  Destination:       clkdiv1/clk_300hz (FF)
  Destination Clock: clk rising

  Data Path: reset_n to clkdiv1/clk_300hz
                                Gate     Net
    Cell:in->out      fanout   Delay   Delay  Logical Name (Net Name)
    ----------------------------------------  ------------
     IBUF:I->O            39   1.222   1.736  reset_n_IBUF (reset_n_IBUF)
     LUT5:I0->O            1   0.203   0.000  clkdiv1/clk_300hz_rstpot1 (clkdiv1/clk_300hz_rstpot1)
     FD:D                      0.102          clkdiv1/clk_300hz
    ----------------------------------------
    Total                      3.263ns (1.527ns logic, 1.736ns route)
                                       (46.8% logic, 53.2% route)

=========================================================================
Timing constraint: Default OFFSET OUT AFTER for Clock 'clkdiv1/clk_300hz'
  Total number of paths / destination ports: 1786 / 12
-------------------------------------------------------------------------
Offset:              9.829ns (Levels of Logic = 6)
  Source:            lifo1/use_mem_read (FF)
  Destination:       display<7> (PAD)
  Source Clock:      clkdiv1/clk_300hz rising

  Data Path: lifo1/use_mem_read to display<7>
                                Gate     Net
    Cell:in->out      fanout   Delay   Delay  Logical Name (Net Name)
    ----------------------------------------  ------------
     FD:C->Q              12   0.447   1.137  lifo1/use_mem_read (lifo1/use_mem_read)
     LUT3:I0->O           11   0.205   1.227  lifo1/Mmux_resulttos41 (resultLIFOLED<3>)
     LUT6:I1->O            1   0.203   0.924  LED/Mmux_currentdigit<0>228 (LED/Mmux_currentdigit<0>228)
     LUT5:I0->O            1   0.203   0.808  LED/Mmux_currentdigit<0>229_SW0 (N26)
     LUT6:I3->O            7   0.205   1.118  LED/Mmux_currentdigit<0>229 (LED/currentdigit<1>)
     LUT5:I0->O            1   0.203   0.579  LED/Mram_segments111 (display_1_OBUF)
     OBUF:I->O                 2.571          display_1_OBUF (display<1>)
    ----------------------------------------
    Total                      9.829ns (4.037ns logic, 5.792ns route)
                                       (41.1% logic, 58.9% route)

=========================================================================
Timing constraint: Default path analysis
  Total number of paths / destination ports: 31 / 10
-------------------------------------------------------------------------
Delay:               7.651ns (Levels of Logic = 4)
  Source:            reset_n (PAD)
  Destination:       display<7> (PAD)

  Data Path: reset_n to display<7>
                                Gate     Net
    Cell:in->out      fanout   Delay   Delay  Logical Name (Net Name)
    ----------------------------------------  ------------
     IBUF:I->O            39   1.222   1.756  reset_n_IBUF (reset_n_IBUF)
     LUT6:I0->O            7   0.203   1.118  LED/Mmux_currentdigit<0>229 (LED/currentdigit<1>)
     LUT5:I0->O            1   0.203   0.579  LED/Mram_segments111 (display_1_OBUF)
     OBUF:I->O                 2.571          display_1_OBUF (display<1>)
    ----------------------------------------
    Total                      7.651ns (4.199ns logic, 3.452ns route)
                                       (54.9% logic, 45.1% route)

=========================================================================

Cross Clock Domains Report:
--------------------------

Clock to Setup on destination clock clk
---------------+---------+---------+---------+---------+
               | Src:Rise| Src:Fall| Src:Rise| Src:Fall|
Source Clock   |Dest:Rise|Dest:Rise|Dest:Fall|Dest:Fall|
---------------+---------+---------+---------+---------+
clk            |    3.238|         |         |         |
---------------+---------+---------+---------+---------+

Clock to Setup on destination clock clkdiv1/clk_300hz
----------------------+---------+---------+---------+---------+
                      | Src:Rise| Src:Fall| Src:Rise| Src:Fall|
Source Clock          |Dest:Rise|Dest:Rise|Dest:Fall|Dest:Fall|
----------------------+---------+---------+---------+---------+
clkdiv1/clk_300hz     |    3.715|         |         |         |
executedebouncer/clean|    1.128|         |         |         |
----------------------+---------+---------+---------+---------+

Clock to Setup on destination clock executedebouncer/clean
-----------------+---------+---------+---------+---------+
                 | Src:Rise| Src:Fall| Src:Rise| Src:Fall|
Source Clock     |Dest:Rise|Dest:Rise|Dest:Fall|Dest:Fall|
-----------------+---------+---------+---------+---------+
clkdiv1/clk_300hz|    5.664|         |         |         |
-----------------+---------+---------+---------+---------+

=========================================================================


Total REAL time to Xst completion: 19.00 secs
Total CPU time to Xst completion: 15.29 secs
 
--> 


Total memory usage is 128280 kilobytes

Number of errors   :    0 (   0 filtered)
Number of warnings :    7 (   0 filtered)
Number of infos    :    6 (   0 filtered)

